<?xml version="1.0" encoding="UTF-8"?>
<testng-results ignored="0" total="1" passed="1" failed="0" skipped="0">
  <reporter-output>
  </reporter-output>
  <suite started-at="2024-04-08T15:28:28 IST" name="Suite" finished-at="2024-04-08T15:29:03 IST" duration-ms="34770">
    <groups>
    </groups>
    <test started-at="2024-04-08T15:28:28 IST" name="Test" finished-at="2024-04-08T15:29:03 IST" duration-ms="34770">
      <class name="com.simplilearn.Pizza_Hut.PizzaHutTests">
        <test-method is-config="true" signature="setup()[pri:0, instance:com.simplilearn.Pizza_Hut.PizzaHutTests@689604d9]" started-at="2024-04-08T15:28:28 IST" name="setup" finished-at="2024-04-08T15:28:35 IST" duration-ms="6726" status="PASS">
          <reporter-output>
          </reporter-output>
        </test-method> <!-- setup -->
        <test-method signature="testPizzaOrder(java.lang.String,java.lang.String,java.lang.String,java.lang.String,java.lang.String)[pri:0, instance:com.simplilearn.Pizza_Hut.PizzaHutTests@689604d9]" started-at="2024-04-08T15:28:35 IST" name="testPizzaOrder" finished-at="2024-04-08T15:29:03 IST" duration-ms="27721" status="PASS">
          <params>
            <param index="0">
              <value>
                <![CDATA[Delhi Airport]]>
              </value>
            </param>
            <param index="1">
              <value>
                <![CDATA[Shristy]]>
              </value>
            </param>
            <param index="2">
              <value>
                <![CDATA[99999 11111]]>
              </value>
            </param>
            <param index="3">
              <value>
                <![CDATA[shr@gmail.com]]>
              </value>
            </param>
            <param index="4">
              <value>
                <![CDATA[12345]]>
              </value>
            </param>
          </params>
          <reporter-output>
          </reporter-output>
        </test-method> <!-- testPizzaOrder -->
        <test-method is-config="true" signature="teardown()[pri:0, instance:com.simplilearn.Pizza_Hut.PizzaHutTests@689604d9]" started-at="2024-04-08T15:29:03 IST" name="teardown" finished-at="2024-04-08T15:29:03 IST" duration-ms="279" status="PASS">
          <reporter-output>
          </reporter-output>
        </test-method> <!-- teardown -->
      </class> <!-- com.simplilearn.Pizza_Hut.PizzaHutTests -->
    </test> <!-- Test -->
  </suite> <!-- Suite -->
</testng-results>
